<?xml version="1.0" encoding="UTF-8"?>
<testng-results ignored="0" total="1" passed="1" failed="0" skipped="0">
  <reporter-output>
  </reporter-output>
  <suite started-at="2021-09-17T06:29:18 IST" name="Default suite" finished-at="2021-09-17T06:30:25 IST" duration-ms="67089">
    <groups>
    </groups>
    <test started-at="2021-09-17T06:29:18 IST" name="Default test" finished-at="2021-09-17T06:30:25 IST" duration-ms="67089">
      <class name="com.automation.testcases.LoginTestCRM">
        <test-method is-config="true" signature="setUpSuite()[pri:0, instance:com.automation.testcases.LoginTestCRM@f736069]" started-at="2021-09-17T06:29:11 IST" name="setUpSuite" finished-at="2021-09-17T06:29:18 IST" duration-ms="7048" status="PASS">
          <reporter-output>
          </reporter-output>
        </test-method> <!-- setUpSuite -->
        <test-method is-config="true" signature="setup()[pri:0, instance:com.automation.testcases.LoginTestCRM@f736069]" started-at="2021-09-17T06:29:18 IST" name="setup" finished-at="2021-09-17T06:30:07 IST" duration-ms="49159" status="PASS">
          <reporter-output>
          </reporter-output>
        </test-method> <!-- setup -->
        <test-method signature="loginApp()[pri:0, instance:com.automation.testcases.LoginTestCRM@f736069]" started-at="2021-09-17T06:30:07 IST" name="loginApp" finished-at="2021-09-17T06:30:18 IST" duration-ms="10871" status="PASS">
          <reporter-output>
          </reporter-output>
        </test-method> <!-- loginApp -->
        <test-method is-config="true" signature="tearDownMethod(org.testng.ITestResult)[pri:0, instance:com.automation.testcases.LoginTestCRM@f736069]" started-at="2021-09-17T06:30:18 IST" name="tearDownMethod" finished-at="2021-09-17T06:30:22 IST" duration-ms="3729" status="PASS">
          <params>
            <param index="0">
              <value>
                <![CDATA[[TestResult name=loginApp status=SUCCESS method=LoginTestCRM.loginApp()[pri:0, instance:com.automation.testcases.LoginTestCRM@f736069] output={null}]]]>
              </value>
            </param>
          </params>
          <reporter-output>
          </reporter-output>
        </test-method> <!-- tearDownMethod -->
        <test-method is-config="true" signature="tearDown()[pri:0, instance:com.automation.testcases.LoginTestCRM@f736069]" started-at="2021-09-17T06:30:22 IST" name="tearDown" finished-at="2021-09-17T06:30:25 IST" duration-ms="3165" status="PASS">
          <reporter-output>
          </reporter-output>
        </test-method> <!-- tearDown -->
      </class> <!-- com.automation.testcases.LoginTestCRM -->
    </test> <!-- Default test -->
  </suite> <!-- Default suite -->
</testng-results>
